

Started GET "/" for 127.11.103.129 at 2014-03-21 15:32:45 -0400

ActionController::RoutingError (uninitialized constant PagesController):
  activesupport (4.0.4) lib/active_support/inflector/methods.rb:226:in `const_get'
  activesupport (4.0.4) lib/active_support/inflector/methods.rb:226:in `block in constantize'
  activesupport (4.0.4) lib/active_support/inflector/methods.rb:224:in `each'
  activesupport (4.0.4) lib/active_support/inflector/methods.rb:224:in `inject'
  activesupport (4.0.4) lib/active_support/inflector/methods.rb:224:in `constantize'
  actionpack (4.0.4) lib/action_dispatch/routing/route_set.rb:76:in `controller_reference'
  actionpack (4.0.4) lib/action_dispatch/routing/route_set.rb:66:in `controller'
  actionpack (4.0.4) lib/action_dispatch/routing/route_set.rb:44:in `call'
  actionpack (4.0.4) lib/action_dispatch/journey/router.rb:71:in `block in call'
  actionpack (4.0.4) lib/action_dispatch/journey/router.rb:59:in `each'
  actionpack (4.0.4) lib/action_dispatch/journey/router.rb:59:in `call'
  actionpack (4.0.4) lib/action_dispatch/routing/route_set.rb:674:in `call'
  rack (1.5.2) lib/rack/etag.rb:23:in `call'
  rack (1.5.2) lib/rack/conditionalget.rb:25:in `call'
  rack (1.5.2) lib/rack/head.rb:11:in `call'
  actionpack (4.0.4) lib/action_dispatch/middleware/params_parser.rb:27:in `call'
  actionpack (4.0.4) lib/action_dispatch/middleware/flash.rb:241:in `call'
  rack (1.5.2) lib/rack/session/abstract/id.rb:225:in `context'
  rack (1.5.2) lib/rack/session/abstract/id.rb:220:in `call'
  actionpack (4.0.4) lib/action_dispatch/middleware/cookies.rb:486:in `call'
  activerecord (4.0.4) lib/active_record/query_cache.rb:36:in `call'
  activerecord (4.0.4) lib/active_record/connection_adapters/abstract/connection_pool.rb:626:in `call'
  activerecord (4.0.4) lib/active_record/migration.rb:373:in `call'
  actionpack (4.0.4) lib/action_dispatch/middleware/callbacks.rb:29:in `block in call'
  activesupport (4.0.4) lib/active_support/callbacks.rb:373:in `_run__1614031313012174451__call__callbacks'
  activesupport (4.0.4) lib/active_support/callbacks.rb:80:in `run_callbacks'
  actionpack (4.0.4) lib/action_dispatch/middleware/callbacks.rb:27:in `call'
  actionpack (4.0.4) lib/action_dispatch/middleware/reloader.rb:64:in `call'
  actionpack (4.0.4) lib/action_dispatch/middleware/remote_ip.rb:76:in `call'
  actionpack (4.0.4) lib/action_dispatch/middleware/debug_exceptions.rb:17:in `call'
  actionpack (4.0.4) lib/action_dispatch/middleware/show_exceptions.rb:30:in `call'
  railties (4.0.4) lib/rails/rack/logger.rb:38:in `call_app'
  railties (4.0.4) lib/rails/rack/logger.rb:20:in `block in call'
  activesupport (4.0.4) lib/active_support/tagged_logging.rb:68:in `block in tagged'
  activesupport (4.0.4) lib/active_support/tagged_logging.rb:26:in `tagged'
  activesupport (4.0.4) lib/active_support/tagged_logging.rb:68:in `tagged'
  railties (4.0.4) lib/rails/rack/logger.rb:20:in `call'
  actionpack (4.0.4) lib/action_dispatch/middleware/request_id.rb:21:in `call'
  rack (1.5.2) lib/rack/methodoverride.rb:21:in `call'
  rack (1.5.2) lib/rack/runtime.rb:17:in `call'
  activesupport (4.0.4) lib/active_support/cache/strategy/local_cache.rb:83:in `call'
  rack (1.5.2) lib/rack/lock.rb:17:in `call'
  actionpack (4.0.4) lib/action_dispatch/middleware/static.rb:64:in `call'
  rack (1.5.2) lib/rack/sendfile.rb:112:in `call'
  railties (4.0.4) lib/rails/engine.rb:511:in `call'
  railties (4.0.4) lib/rails/application.rb:97:in `call'
  rack (1.5.2) lib/rack/lock.rb:17:in `call'
  rack (1.5.2) lib/rack/content_length.rb:14:in `call'
  rack (1.5.2) lib/rack/handler/webrick.rb:60:in `service'
  /opt/rh/ruby193/root/usr/share/ruby/webrick/httpserver.rb:138:in `service'
  /opt/rh/ruby193/root/usr/share/ruby/webrick/httpserver.rb:94:in `run'
  /opt/rh/ruby193/root/usr/share/ruby/webrick/server.rb:191:in `block in start_thread'


  Rendered /var/lib/stickshift/5327b6675004466555000143/app-root/data/lib/ruby/gems/gems/actionpack-4.0.4/lib/action_dispatch/middleware/templates/rescues/_trace.erb (1.6ms)
  Rendered /var/lib/stickshift/5327b6675004466555000143/app-root/data/lib/ruby/gems/gems/actionpack-4.0.4/lib/action_dispatch/middleware/templates/routes/_route.html.erb (1.6ms)
  Rendered /var/lib/stickshift/5327b6675004466555000143/app-root/data/lib/ruby/gems/gems/actionpack-4.0.4/lib/action_dispatch/middleware/templates/routes/_table.html.erb (10.5ms)
  Rendered /var/lib/stickshift/5327b6675004466555000143/app-root/data/lib/ruby/gems/gems/actionpack-4.0.4/lib/action_dispatch/middleware/templates/rescues/routing_error.erb within rescues/layout (313.7ms)


Started GET "/" for 127.11.103.129 at 2014-03-21 15:33:35 -0400
Processing by PageController#home as HTML
  Rendered page/home.html.erb within layouts/application (0.6ms)
Completed 200 OK in 3605ms (Views: 3495.2ms | ActiveRecord: 0.0ms)


Started GET "/assets/application.css?body=1" for 127.11.103.129 at 2014-03-21 15:33:39 -0400


Started GET "/assets/dictation.js?body=1" for 127.11.103.129 at 2014-03-21 15:33:40 -0400


Started GET "/assets/dictation.css?body=1" for 127.11.103.129 at 2014-03-21 15:33:40 -0400


Started GET "/assets/page.css?body=1" for 127.11.103.129 at 2014-03-21 15:33:40 -0400


Started GET "/assets/jquery_ujs.js?body=1" for 127.11.103.129 at 2014-03-21 15:33:40 -0400


Started GET "/assets/jquery.js?body=1" for 127.11.103.129 at 2014-03-21 15:33:40 -0400


Started GET "/assets/turbolinks.js?body=1" for 127.11.103.129 at 2014-03-21 15:33:40 -0400


Started GET "/assets/page.js?body=1" for 127.11.103.129 at 2014-03-21 15:33:40 -0400


Started GET "/assets/application.js?body=1" for 127.11.103.129 at 2014-03-21 15:33:40 -0400


Started GET "/dictation/add" for 127.11.103.129 at 2014-03-21 15:36:30 -0400

ActionController::RoutingError (No route matches [GET] "/dictation/add"):
  actionpack (4.0.4) lib/action_dispatch/middleware/debug_exceptions.rb:21:in `call'
  actionpack (4.0.4) lib/action_dispatch/middleware/show_exceptions.rb:30:in `call'
  railties (4.0.4) lib/rails/rack/logger.rb:38:in `call_app'
  railties (4.0.4) lib/rails/rack/logger.rb:20:in `block in call'
  activesupport (4.0.4) lib/active_support/tagged_logging.rb:68:in `block in tagged'
  activesupport (4.0.4) lib/active_support/tagged_logging.rb:26:in `tagged'
  activesupport (4.0.4) lib/active_support/tagged_logging.rb:68:in `tagged'
  railties (4.0.4) lib/rails/rack/logger.rb:20:in `call'
  actionpack (4.0.4) lib/action_dispatch/middleware/request_id.rb:21:in `call'
  rack (1.5.2) lib/rack/methodoverride.rb:21:in `call'
  rack (1.5.2) lib/rack/runtime.rb:17:in `call'
  activesupport (4.0.4) lib/active_support/cache/strategy/local_cache.rb:83:in `call'
  rack (1.5.2) lib/rack/lock.rb:17:in `call'
  actionpack (4.0.4) lib/action_dispatch/middleware/static.rb:64:in `call'
  rack (1.5.2) lib/rack/sendfile.rb:112:in `call'
  railties (4.0.4) lib/rails/engine.rb:511:in `call'
  railties (4.0.4) lib/rails/application.rb:97:in `call'
  rack (1.5.2) lib/rack/lock.rb:17:in `call'
  rack (1.5.2) lib/rack/content_length.rb:14:in `call'
  rack (1.5.2) lib/rack/handler/webrick.rb:60:in `service'
  /opt/rh/ruby193/root/usr/share/ruby/webrick/httpserver.rb:138:in `service'
  /opt/rh/ruby193/root/usr/share/ruby/webrick/httpserver.rb:94:in `run'
  /opt/rh/ruby193/root/usr/share/ruby/webrick/server.rb:191:in `block in start_thread'


  Rendered /var/lib/stickshift/5327b6675004466555000143/app-root/data/lib/ruby/gems/gems/actionpack-4.0.4/lib/action_dispatch/middleware/templates/rescues/_trace.erb (28.8ms)
  Rendered /var/lib/stickshift/5327b6675004466555000143/app-root/data/lib/ruby/gems/gems/actionpack-4.0.4/lib/action_dispatch/middleware/templates/routes/_route.html.erb (1.6ms)
  Rendered /var/lib/stickshift/5327b6675004466555000143/app-root/data/lib/ruby/gems/gems/actionpack-4.0.4/lib/action_dispatch/middleware/templates/routes/_table.html.erb (1.5ms)
  Rendered /var/lib/stickshift/5327b6675004466555000143/app-root/data/lib/ruby/gems/gems/actionpack-4.0.4/lib/action_dispatch/middleware/templates/rescues/routing_error.erb within rescues/layout (136.7ms)


Started GET "/dictation/add" for 127.11.103.129 at 2014-03-21 15:44:35 -0400

ActionController::RoutingError (No route matches [GET] "/dictation/add"):
  actionpack (4.0.4) lib/action_dispatch/middleware/debug_exceptions.rb:21:in `call'
  actionpack (4.0.4) lib/action_dispatch/middleware/show_exceptions.rb:30:in `call'
  railties (4.0.4) lib/rails/rack/logger.rb:38:in `call_app'
  railties (4.0.4) lib/rails/rack/logger.rb:20:in `block in call'
  activesupport (4.0.4) lib/active_support/tagged_logging.rb:68:in `block in tagged'
  activesupport (4.0.4) lib/active_support/tagged_logging.rb:26:in `tagged'
  activesupport (4.0.4) lib/active_support/tagged_logging.rb:68:in `tagged'
  railties (4.0.4) lib/rails/rack/logger.rb:20:in `call'
  actionpack (4.0.4) lib/action_dispatch/middleware/request_id.rb:21:in `call'
  rack (1.5.2) lib/rack/methodoverride.rb:21:in `call'
  rack (1.5.2) lib/rack/runtime.rb:17:in `call'
  activesupport (4.0.4) lib/active_support/cache/strategy/local_cache.rb:83:in `call'
  rack (1.5.2) lib/rack/lock.rb:17:in `call'
  actionpack (4.0.4) lib/action_dispatch/middleware/static.rb:64:in `call'
  rack (1.5.2) lib/rack/sendfile.rb:112:in `call'
  railties (4.0.4) lib/rails/engine.rb:511:in `call'
  railties (4.0.4) lib/rails/application.rb:97:in `call'
  rack (1.5.2) lib/rack/lock.rb:17:in `call'
  rack (1.5.2) lib/rack/content_length.rb:14:in `call'
  rack (1.5.2) lib/rack/handler/webrick.rb:60:in `service'
  /opt/rh/ruby193/root/usr/share/ruby/webrick/httpserver.rb:138:in `service'
  /opt/rh/ruby193/root/usr/share/ruby/webrick/httpserver.rb:94:in `run'
  /opt/rh/ruby193/root/usr/share/ruby/webrick/server.rb:191:in `block in start_thread'


  Rendered /var/lib/stickshift/5327b6675004466555000143/app-root/data/lib/ruby/gems/gems/actionpack-4.0.4/lib/action_dispatch/middleware/templates/rescues/_trace.erb (1.3ms)
  Rendered /var/lib/stickshift/5327b6675004466555000143/app-root/data/lib/ruby/gems/gems/actionpack-4.0.4/lib/action_dispatch/middleware/templates/routes/_route.html.erb (1.6ms)
  Rendered /var/lib/stickshift/5327b6675004466555000143/app-root/data/lib/ruby/gems/gems/actionpack-4.0.4/lib/action_dispatch/middleware/templates/routes/_table.html.erb (4.8ms)
  Rendered /var/lib/stickshift/5327b6675004466555000143/app-root/data/lib/ruby/gems/gems/actionpack-4.0.4/lib/action_dispatch/middleware/templates/rescues/routing_error.erb within rescues/layout (191.0ms)


Started GET "/dictation/add" for 127.11.103.129 at 2014-03-21 15:45:26 -0400

ActionController::RoutingError (No route matches [GET] "/dictation/add"):
  actionpack (4.0.4) lib/action_dispatch/middleware/debug_exceptions.rb:21:in `call'
  actionpack (4.0.4) lib/action_dispatch/middleware/show_exceptions.rb:30:in `call'
  railties (4.0.4) lib/rails/rack/logger.rb:38:in `call_app'
  railties (4.0.4) lib/rails/rack/logger.rb:20:in `block in call'
  activesupport (4.0.4) lib/active_support/tagged_logging.rb:68:in `block in tagged'
  activesupport (4.0.4) lib/active_support/tagged_logging.rb:26:in `tagged'
  activesupport (4.0.4) lib/active_support/tagged_logging.rb:68:in `tagged'
  railties (4.0.4) lib/rails/rack/logger.rb:20:in `call'
  actionpack (4.0.4) lib/action_dispatch/middleware/request_id.rb:21:in `call'
  rack (1.5.2) lib/rack/methodoverride.rb:21:in `call'
  rack (1.5.2) lib/rack/runtime.rb:17:in `call'
  activesupport (4.0.4) lib/active_support/cache/strategy/local_cache.rb:83:in `call'
  rack (1.5.2) lib/rack/lock.rb:17:in `call'
  actionpack (4.0.4) lib/action_dispatch/middleware/static.rb:64:in `call'
  rack (1.5.2) lib/rack/sendfile.rb:112:in `call'
  railties (4.0.4) lib/rails/engine.rb:511:in `call'
  railties (4.0.4) lib/rails/application.rb:97:in `call'
  rack (1.5.2) lib/rack/lock.rb:17:in `call'
  rack (1.5.2) lib/rack/content_length.rb:14:in `call'
  rack (1.5.2) lib/rack/handler/webrick.rb:60:in `service'
  /opt/rh/ruby193/root/usr/share/ruby/webrick/httpserver.rb:138:in `service'
  /opt/rh/ruby193/root/usr/share/ruby/webrick/httpserver.rb:94:in `run'
  /opt/rh/ruby193/root/usr/share/ruby/webrick/server.rb:191:in `block in start_thread'


  Rendered /var/lib/stickshift/5327b6675004466555000143/app-root/data/lib/ruby/gems/gems/actionpack-4.0.4/lib/action_dispatch/middleware/templates/rescues/_trace.erb (1.3ms)
  Rendered /var/lib/stickshift/5327b6675004466555000143/app-root/data/lib/ruby/gems/gems/actionpack-4.0.4/lib/action_dispatch/middleware/templates/routes/_route.html.erb (57.7ms)
  Rendered /var/lib/stickshift/5327b6675004466555000143/app-root/data/lib/ruby/gems/gems/actionpack-4.0.4/lib/action_dispatch/middleware/templates/routes/_table.html.erb (1.8ms)
  Rendered /var/lib/stickshift/5327b6675004466555000143/app-root/data/lib/ruby/gems/gems/actionpack-4.0.4/lib/action_dispatch/middleware/templates/rescues/routing_error.erb within rescues/layout (105.6ms)


Started GET "/dictations/add" for 127.11.103.129 at 2014-03-21 15:45:32 -0400

AbstractController::ActionNotFound (The action 'show' could not be found for DictationsController):
  actionpack (4.0.4) lib/abstract_controller/base.rb:131:in `process'
  actionpack (4.0.4) lib/abstract_controller/rendering.rb:44:in `process'
  actionpack (4.0.4) lib/action_controller/metal.rb:195:in `dispatch'
  actionpack (4.0.4) lib/action_controller/metal/rack_delegation.rb:13:in `dispatch'
  actionpack (4.0.4) lib/action_controller/metal.rb:231:in `block in action'
  actionpack (4.0.4) lib/action_dispatch/routing/route_set.rb:80:in `call'
  actionpack (4.0.4) lib/action_dispatch/routing/route_set.rb:80:in `dispatch'
  actionpack (4.0.4) lib/action_dispatch/routing/route_set.rb:48:in `call'
  actionpack (4.0.4) lib/action_dispatch/journey/router.rb:71:in `block in call'
  actionpack (4.0.4) lib/action_dispatch/journey/router.rb:59:in `each'
  actionpack (4.0.4) lib/action_dispatch/journey/router.rb:59:in `call'
  actionpack (4.0.4) lib/action_dispatch/routing/route_set.rb:674:in `call'
  rack (1.5.2) lib/rack/etag.rb:23:in `call'
  rack (1.5.2) lib/rack/conditionalget.rb:25:in `call'
  rack (1.5.2) lib/rack/head.rb:11:in `call'
  actionpack (4.0.4) lib/action_dispatch/middleware/params_parser.rb:27:in `call'
  actionpack (4.0.4) lib/action_dispatch/middleware/flash.rb:241:in `call'
  rack (1.5.2) lib/rack/session/abstract/id.rb:225:in `context'
  rack (1.5.2) lib/rack/session/abstract/id.rb:220:in `call'
  actionpack (4.0.4) lib/action_dispatch/middleware/cookies.rb:486:in `call'
  activerecord (4.0.4) lib/active_record/query_cache.rb:36:in `call'
  activerecord (4.0.4) lib/active_record/connection_adapters/abstract/connection_pool.rb:626:in `call'
  activerecord (4.0.4) lib/active_record/migration.rb:373:in `call'
  actionpack (4.0.4) lib/action_dispatch/middleware/callbacks.rb:29:in `block in call'
  activesupport (4.0.4) lib/active_support/callbacks.rb:373:in `_run__1614031313012174451__call__callbacks'
  activesupport (4.0.4) lib/active_support/callbacks.rb:80:in `run_callbacks'
  actionpack (4.0.4) lib/action_dispatch/middleware/callbacks.rb:27:in `call'
  actionpack (4.0.4) lib/action_dispatch/middleware/reloader.rb:64:in `call'
  actionpack (4.0.4) lib/action_dispatch/middleware/remote_ip.rb:76:in `call'
  actionpack (4.0.4) lib/action_dispatch/middleware/debug_exceptions.rb:17:in `call'
  actionpack (4.0.4) lib/action_dispatch/middleware/show_exceptions.rb:30:in `call'
  railties (4.0.4) lib/rails/rack/logger.rb:38:in `call_app'
  railties (4.0.4) lib/rails/rack/logger.rb:20:in `block in call'
  activesupport (4.0.4) lib/active_support/tagged_logging.rb:68:in `block in tagged'
  activesupport (4.0.4) lib/active_support/tagged_logging.rb:26:in `tagged'
  activesupport (4.0.4) lib/active_support/tagged_logging.rb:68:in `tagged'
  railties (4.0.4) lib/rails/rack/logger.rb:20:in `call'
  actionpack (4.0.4) lib/action_dispatch/middleware/request_id.rb:21:in `call'
  rack (1.5.2) lib/rack/methodoverride.rb:21:in `call'
  rack (1.5.2) lib/rack/runtime.rb:17:in `call'
  activesupport (4.0.4) lib/active_support/cache/strategy/local_cache.rb:83:in `call'
  rack (1.5.2) lib/rack/lock.rb:17:in `call'
  actionpack (4.0.4) lib/action_dispatch/middleware/static.rb:64:in `call'
  rack (1.5.2) lib/rack/sendfile.rb:112:in `call'
  railties (4.0.4) lib/rails/engine.rb:511:in `call'
  railties (4.0.4) lib/rails/application.rb:97:in `call'
  rack (1.5.2) lib/rack/lock.rb:17:in `call'
  rack (1.5.2) lib/rack/content_length.rb:14:in `call'
  rack (1.5.2) lib/rack/handler/webrick.rb:60:in `service'
  /opt/rh/ruby193/root/usr/share/ruby/webrick/httpserver.rb:138:in `service'
  /opt/rh/ruby193/root/usr/share/ruby/webrick/httpserver.rb:94:in `run'
  /opt/rh/ruby193/root/usr/share/ruby/webrick/server.rb:191:in `block in start_thread'


  Rendered /var/lib/stickshift/5327b6675004466555000143/app-root/data/lib/ruby/gems/gems/actionpack-4.0.4/lib/action_dispatch/middleware/templates/rescues/unknown_action.erb within rescues/layout (0.5ms)


Started GET "/dictations/new" for 127.11.103.129 at 2014-03-21 15:47:56 -0400

AbstractController::ActionNotFound (The action 'new' could not be found for DictationsController):
  actionpack (4.0.4) lib/abstract_controller/base.rb:131:in `process'
  actionpack (4.0.4) lib/abstract_controller/rendering.rb:44:in `process'
  actionpack (4.0.4) lib/action_controller/metal.rb:195:in `dispatch'
  actionpack (4.0.4) lib/action_controller/metal/rack_delegation.rb:13:in `dispatch'
  actionpack (4.0.4) lib/action_controller/metal.rb:231:in `block in action'
  actionpack (4.0.4) lib/action_dispatch/routing/route_set.rb:80:in `call'
  actionpack (4.0.4) lib/action_dispatch/routing/route_set.rb:80:in `dispatch'
  actionpack (4.0.4) lib/action_dispatch/routing/route_set.rb:48:in `call'
  actionpack (4.0.4) lib/action_dispatch/journey/router.rb:71:in `block in call'
  actionpack (4.0.4) lib/action_dispatch/journey/router.rb:59:in `each'
  actionpack (4.0.4) lib/action_dispatch/journey/router.rb:59:in `call'
  actionpack (4.0.4) lib/action_dispatch/routing/route_set.rb:674:in `call'
  rack (1.5.2) lib/rack/etag.rb:23:in `call'
  rack (1.5.2) lib/rack/conditionalget.rb:25:in `call'
  rack (1.5.2) lib/rack/head.rb:11:in `call'
  actionpack (4.0.4) lib/action_dispatch/middleware/params_parser.rb:27:in `call'
  actionpack (4.0.4) lib/action_dispatch/middleware/flash.rb:241:in `call'
  rack (1.5.2) lib/rack/session/abstract/id.rb:225:in `context'
  rack (1.5.2) lib/rack/session/abstract/id.rb:220:in `call'
  actionpack (4.0.4) lib/action_dispatch/middleware/cookies.rb:486:in `call'
  activerecord (4.0.4) lib/active_record/query_cache.rb:36:in `call'
  activerecord (4.0.4) lib/active_record/connection_adapters/abstract/connection_pool.rb:626:in `call'
  activerecord (4.0.4) lib/active_record/migration.rb:373:in `call'
  actionpack (4.0.4) lib/action_dispatch/middleware/callbacks.rb:29:in `block in call'
  activesupport (4.0.4) lib/active_support/callbacks.rb:373:in `_run__1614031313012174451__call__callbacks'
  activesupport (4.0.4) lib/active_support/callbacks.rb:80:in `run_callbacks'
  actionpack (4.0.4) lib/action_dispatch/middleware/callbacks.rb:27:in `call'
  actionpack (4.0.4) lib/action_dispatch/middleware/reloader.rb:64:in `call'
  actionpack (4.0.4) lib/action_dispatch/middleware/remote_ip.rb:76:in `call'
  actionpack (4.0.4) lib/action_dispatch/middleware/debug_exceptions.rb:17:in `call'
  actionpack (4.0.4) lib/action_dispatch/middleware/show_exceptions.rb:30:in `call'
  railties (4.0.4) lib/rails/rack/logger.rb:38:in `call_app'
  railties (4.0.4) lib/rails/rack/logger.rb:20:in `block in call'
  activesupport (4.0.4) lib/active_support/tagged_logging.rb:68:in `block in tagged'
  activesupport (4.0.4) lib/active_support/tagged_logging.rb:26:in `tagged'
  activesupport (4.0.4) lib/active_support/tagged_logging.rb:68:in `tagged'
  railties (4.0.4) lib/rails/rack/logger.rb:20:in `call'
  actionpack (4.0.4) lib/action_dispatch/middleware/request_id.rb:21:in `call'
  rack (1.5.2) lib/rack/methodoverride.rb:21:in `call'
  rack (1.5.2) lib/rack/runtime.rb:17:in `call'
  activesupport (4.0.4) lib/active_support/cache/strategy/local_cache.rb:83:in `call'
  rack (1.5.2) lib/rack/lock.rb:17:in `call'
  actionpack (4.0.4) lib/action_dispatch/middleware/static.rb:64:in `call'
  rack (1.5.2) lib/rack/sendfile.rb:112:in `call'
  railties (4.0.4) lib/rails/engine.rb:511:in `call'
  railties (4.0.4) lib/rails/application.rb:97:in `call'
  rack (1.5.2) lib/rack/lock.rb:17:in `call'
  rack (1.5.2) lib/rack/content_length.rb:14:in `call'
  rack (1.5.2) lib/rack/handler/webrick.rb:60:in `service'
  /opt/rh/ruby193/root/usr/share/ruby/webrick/httpserver.rb:138:in `service'
  /opt/rh/ruby193/root/usr/share/ruby/webrick/httpserver.rb:94:in `run'
  /opt/rh/ruby193/root/usr/share/ruby/webrick/server.rb:191:in `block in start_thread'


  Rendered /var/lib/stickshift/5327b6675004466555000143/app-root/data/lib/ruby/gems/gems/actionpack-4.0.4/lib/action_dispatch/middleware/templates/rescues/unknown_action.erb within rescues/layout (0.6ms)
  [1m[36m (125.0ms)[0m  [1mCREATE TABLE "schema_migrations" ("version" varchar(255) NOT NULL) [0m
  [1m[35m (22.0ms)[0m  CREATE UNIQUE INDEX "unique_schema_migrations" ON "schema_migrations" ("version")
  [1m[36mActiveRecord::SchemaMigration Load (0.2ms)[0m  [1mSELECT "schema_migrations".* FROM "schema_migrations"[0m
Migrating to CreateDictations (20140321195107)
  [1m[35m (0.1ms)[0m  begin transaction
  [1m[36m (5.6ms)[0m  [1mCREATE TABLE "dictations" ("id" INTEGER PRIMARY KEY AUTOINCREMENT NOT NULL, "forename" varchar(255), "surname" varchar(255), "nhs_number" varchar(255), "path_to_audio" varchar(255), "created_at" datetime, "updated_at" datetime) [0m
  [1m[35mSQL (7.7ms)[0m  INSERT INTO "schema_migrations" ("version") VALUES (?)  [["version", "20140321195107"]]
  [1m[36m (26.3ms)[0m  [1mcommit transaction[0m
  [1m[35mActiveRecord::SchemaMigration Load (0.3ms)[0m  SELECT "schema_migrations".* FROM "schema_migrations"


Started GET "/dictations/new" for 127.11.103.129 at 2014-03-21 15:53:35 -0400
  [1m[36mActiveRecord::SchemaMigration Load (4.9ms)[0m  [1mSELECT "schema_migrations".* FROM "schema_migrations"[0m
Processing by DictationsController#new as HTML
Completed 500 Internal Server Error in 54ms

ActionView::MissingTemplate (Missing template dictations/new, application/new with {:locale=>[:en], :formats=>[:html], :handlers=>[:erb, :builder, :raw, :ruby, :jbuilder, :coffee]}. Searched in:
  * "/var/lib/stickshift/5327b6675004466555000143/app-root/data/563760/sakebu/app/views"
):
  actionpack (4.0.4) lib/action_view/path_set.rb:46:in `find'
  actionpack (4.0.4) lib/action_view/lookup_context.rb:122:in `find'
  actionpack (4.0.4) lib/action_view/renderer/abstract_renderer.rb:18:in `find_template'
  actionpack (4.0.4) lib/action_view/renderer/template_renderer.rb:35:in `determine_template'
  actionpack (4.0.4) lib/action_view/renderer/template_renderer.rb:8:in `render'
  actionpack (4.0.4) lib/action_view/renderer/renderer.rb:42:in `render_template'
  actionpack (4.0.4) lib/action_view/renderer/renderer.rb:23:in `render'
  actionpack (4.0.4) lib/abstract_controller/rendering.rb:127:in `_render_template'
  actionpack (4.0.4) lib/action_controller/metal/streaming.rb:219:in `_render_template'
  actionpack (4.0.4) lib/abstract_controller/rendering.rb:120:in `render_to_body'
  actionpack (4.0.4) lib/action_controller/metal/rendering.rb:33:in `render_to_body'
  actionpack (4.0.4) lib/action_controller/metal/renderers.rb:26:in `render_to_body'
  actionpack (4.0.4) lib/abstract_controller/rendering.rb:97:in `render'
  actionpack (4.0.4) lib/action_controller/metal/rendering.rb:16:in `render'
  actionpack (4.0.4) lib/action_controller/metal/instrumentation.rb:41:in `block (2 levels) in render'
  activesupport (4.0.4) lib/active_support/core_ext/benchmark.rb:12:in `block in ms'
  /opt/rh/ruby193/root/usr/share/ruby/benchmark.rb:295:in `realtime'
  activesupport (4.0.4) lib/active_support/core_ext/benchmark.rb:12:in `ms'
  actionpack (4.0.4) lib/action_controller/metal/instrumentation.rb:41:in `block in render'
  actionpack (4.0.4) lib/action_controller/metal/instrumentation.rb:84:in `cleanup_view_runtime'
  activerecord (4.0.4) lib/active_record/railties/controller_runtime.rb:25:in `cleanup_view_runtime'
  actionpack (4.0.4) lib/action_controller/metal/instrumentation.rb:40:in `render'
  actionpack (4.0.4) lib/action_controller/metal/implicit_render.rb:10:in `default_render'
  actionpack (4.0.4) lib/action_controller/metal/implicit_render.rb:5:in `send_action'
  actionpack (4.0.4) lib/abstract_controller/base.rb:189:in `process_action'
  actionpack (4.0.4) lib/action_controller/metal/rendering.rb:10:in `process_action'
  actionpack (4.0.4) lib/abstract_controller/callbacks.rb:18:in `block in process_action'
  activesupport (4.0.4) lib/active_support/callbacks.rb:403:in `_run__346172149307490551__process_action__callbacks'
  activesupport (4.0.4) lib/active_support/callbacks.rb:80:in `run_callbacks'
  actionpack (4.0.4) lib/abstract_controller/callbacks.rb:17:in `process_action'
  actionpack (4.0.4) lib/action_controller/metal/rescue.rb:29:in `process_action'
  actionpack (4.0.4) lib/action_controller/metal/instrumentation.rb:31:in `block in process_action'
  activesupport (4.0.4) lib/active_support/notifications.rb:159:in `block in instrument'
  activesupport (4.0.4) lib/active_support/notifications/instrumenter.rb:20:in `instrument'
  activesupport (4.0.4) lib/active_support/notifications.rb:159:in `instrument'
  actionpack (4.0.4) lib/action_controller/metal/instrumentation.rb:30:in `process_action'
  actionpack (4.0.4) lib/action_controller/metal/params_wrapper.rb:250:in `process_action'
  activerecord (4.0.4) lib/active_record/railties/controller_runtime.rb:18:in `process_action'
  actionpack (4.0.4) lib/abstract_controller/base.rb:136:in `process'
  actionpack (4.0.4) lib/abstract_controller/rendering.rb:44:in `process'
  actionpack (4.0.4) lib/action_controller/metal.rb:195:in `dispatch'
  actionpack (4.0.4) lib/action_controller/metal/rack_delegation.rb:13:in `dispatch'
  actionpack (4.0.4) lib/action_controller/metal.rb:231:in `block in action'
  actionpack (4.0.4) lib/action_dispatch/routing/route_set.rb:80:in `call'
  actionpack (4.0.4) lib/action_dispatch/routing/route_set.rb:80:in `dispatch'
  actionpack (4.0.4) lib/action_dispatch/routing/route_set.rb:48:in `call'
  actionpack (4.0.4) lib/action_dispatch/journey/router.rb:71:in `block in call'
  actionpack (4.0.4) lib/action_dispatch/journey/router.rb:59:in `each'
  actionpack (4.0.4) lib/action_dispatch/journey/router.rb:59:in `call'
  actionpack (4.0.4) lib/action_dispatch/routing/route_set.rb:674:in `call'
  rack (1.5.2) lib/rack/etag.rb:23:in `call'
  rack (1.5.2) lib/rack/conditionalget.rb:25:in `call'
  rack (1.5.2) lib/rack/head.rb:11:in `call'
  actionpack (4.0.4) lib/action_dispatch/middleware/params_parser.rb:27:in `call'
  actionpack (4.0.4) lib/action_dispatch/middleware/flash.rb:241:in `call'
  rack (1.5.2) lib/rack/session/abstract/id.rb:225:in `context'
  rack (1.5.2) lib/rack/session/abstract/id.rb:220:in `call'
  actionpack (4.0.4) lib/action_dispatch/middleware/cookies.rb:486:in `call'
  activerecord (4.0.4) lib/active_record/query_cache.rb:36:in `call'
  activerecord (4.0.4) lib/active_record/connection_adapters/abstract/connection_pool.rb:626:in `call'
  activerecord (4.0.4) lib/active_record/migration.rb:373:in `call'
  actionpack (4.0.4) lib/action_dispatch/middleware/callbacks.rb:29:in `block in call'
  activesupport (4.0.4) lib/active_support/callbacks.rb:373:in `_run__1614031313012174451__call__callbacks'
  activesupport (4.0.4) lib/active_support/callbacks.rb:80:in `run_callbacks'
  actionpack (4.0.4) lib/action_dispatch/middleware/callbacks.rb:27:in `call'
  actionpack (4.0.4) lib/action_dispatch/middleware/reloader.rb:64:in `call'
  actionpack (4.0.4) lib/action_dispatch/middleware/remote_ip.rb:76:in `call'
  actionpack (4.0.4) lib/action_dispatch/middleware/debug_exceptions.rb:17:in `call'
  actionpack (4.0.4) lib/action_dispatch/middleware/show_exceptions.rb:30:in `call'
  railties (4.0.4) lib/rails/rack/logger.rb:38:in `call_app'
  railties (4.0.4) lib/rails/rack/logger.rb:20:in `block in call'
  activesupport (4.0.4) lib/active_support/tagged_logging.rb:68:in `block in tagged'
  activesupport (4.0.4) lib/active_support/tagged_logging.rb:26:in `tagged'
  activesupport (4.0.4) lib/active_support/tagged_logging.rb:68:in `tagged'
  railties (4.0.4) lib/rails/rack/logger.rb:20:in `call'
  actionpack (4.0.4) lib/action_dispatch/middleware/request_id.rb:21:in `call'
  rack (1.5.2) lib/rack/methodoverride.rb:21:in `call'
  rack (1.5.2) lib/rack/runtime.rb:17:in `call'
  activesupport (4.0.4) lib/active_support/cache/strategy/local_cache.rb:83:in `call'
  rack (1.5.2) lib/rack/lock.rb:17:in `call'
  actionpack (4.0.4) lib/action_dispatch/middleware/static.rb:64:in `call'
  rack (1.5.2) lib/rack/sendfile.rb:112:in `call'
  railties (4.0.4) lib/rails/engine.rb:511:in `call'
  railties (4.0.4) lib/rails/application.rb:97:in `call'
  rack (1.5.2) lib/rack/lock.rb:17:in `call'
  rack (1.5.2) lib/rack/content_length.rb:14:in `call'
  rack (1.5.2) lib/rack/handler/webrick.rb:60:in `service'
  /opt/rh/ruby193/root/usr/share/ruby/webrick/httpserver.rb:138:in `service'
  /opt/rh/ruby193/root/usr/share/ruby/webrick/httpserver.rb:94:in `run'
  /opt/rh/ruby193/root/usr/share/ruby/webrick/server.rb:191:in `block in start_thread'


  Rendered /var/lib/stickshift/5327b6675004466555000143/app-root/data/lib/ruby/gems/gems/actionpack-4.0.4/lib/action_dispatch/middleware/templates/rescues/missing_template.erb within rescues/layout (0.5ms)


Started GET "/" for 127.11.103.129 at 2014-03-21 18:54:15 -0400
  [1m[36mActiveRecord::SchemaMigration Load (0.2ms)[0m  [1mSELECT "schema_migrations".* FROM "schema_migrations"[0m
Processing by PageController#home as HTML
  Rendered page/home.html.erb within layouts/application (5.6ms)
Completed 200 OK in 19207ms (Views: 19114.0ms | ActiveRecord: 0.0ms)


Started GET "/assets/application.css?body=1" for 127.11.103.129 at 2014-03-21 18:54:37 -0400


Started GET "/assets/vendor/modernizr.js?body=1" for 127.11.103.129 at 2014-03-21 18:54:38 -0400


Started GET "/assets/foundation_and_overrides.css?body=1" for 127.11.103.129 at 2014-03-21 18:54:38 -0400


Started GET "/assets/scaffolds.css?body=1" for 127.11.103.129 at 2014-03-21 18:54:38 -0400


Started GET "/assets/dictations.css?body=1" for 127.11.103.129 at 2014-03-21 18:54:38 -0400


Started GET "/assets/page.css?body=1" for 127.11.103.129 at 2014-03-21 18:54:38 -0400


Started GET "/assets/jquery_ujs.js?body=1" for 127.11.103.129 at 2014-03-21 18:54:41 -0400


Started GET "/assets/foundation/foundation.abide.js?body=1" for 127.11.103.129 at 2014-03-21 18:54:41 -0400


Started GET "/assets/jquery.js?body=1" for 127.11.103.129 at 2014-03-21 18:54:41 -0400


Started GET "/assets/foundation/foundation.alert.js?body=1" for 127.11.103.129 at 2014-03-21 18:54:41 -0400


Started GET "/assets/foundation/foundation.accordion.js?body=1" for 127.11.103.129 at 2014-03-21 18:54:41 -0400


Started GET "/assets/foundation/foundation.js?body=1" for 127.11.103.129 at 2014-03-21 18:54:41 -0400


Started GET "/assets/foundation/foundation.clearing.js?body=1" for 127.11.103.129 at 2014-03-21 18:54:41 -0400


Started GET "/assets/foundation/foundation.dropdown.js?body=1" for 127.11.103.129 at 2014-03-21 18:54:41 -0400


Started GET "/assets/foundation/foundation.interchange.js?body=1" for 127.11.103.129 at 2014-03-21 18:54:41 -0400


Started GET "/assets/foundation/foundation.joyride.js?body=1" for 127.11.103.129 at 2014-03-21 18:54:41 -0400


Started GET "/assets/foundation/foundation.magellan.js?body=1" for 127.11.103.129 at 2014-03-21 18:54:41 -0400


Started GET "/assets/foundation/foundation.offcanvas.js?body=1" for 127.11.103.129 at 2014-03-21 18:54:42 -0400


Started GET "/assets/foundation/foundation.orbit.js?body=1" for 127.11.103.129 at 2014-03-21 18:54:42 -0400


Started GET "/assets/foundation/foundation.reveal.js?body=1" for 127.11.103.129 at 2014-03-21 18:54:42 -0400


Started GET "/assets/foundation/foundation.tab.js?body=1" for 127.11.103.129 at 2014-03-21 18:54:42 -0400


Started GET "/assets/foundation/foundation.tooltip.js?body=1" for 127.11.103.129 at 2014-03-21 18:54:42 -0400


Started GET "/assets/foundation/foundation.topbar.js?body=1" for 127.11.103.129 at 2014-03-21 18:54:42 -0400


Started GET "/assets/foundation/foundation.equalizer.js?body=1" for 127.11.103.129 at 2014-03-21 18:54:42 -0400


Started GET "/assets/foundation.js?body=1" for 127.11.103.129 at 2014-03-21 18:54:42 -0400


Started GET "/assets/turbolinks.js?body=1" for 127.11.103.129 at 2014-03-21 18:54:42 -0400


Started GET "/assets/dictations.js?body=1" for 127.11.103.129 at 2014-03-21 18:54:42 -0400


Started GET "/assets/page.js?body=1" for 127.11.103.129 at 2014-03-21 18:54:42 -0400


Started GET "/assets/application.js?body=1" for 127.11.103.129 at 2014-03-21 18:54:42 -0400


Started GET "/dictation/new" for 127.11.103.129 at 2014-03-21 19:10:56 -0400

ActionController::RoutingError (No route matches [GET] "/dictation/new"):
  actionpack (4.0.4) lib/action_dispatch/middleware/debug_exceptions.rb:21:in `call'
  actionpack (4.0.4) lib/action_dispatch/middleware/show_exceptions.rb:30:in `call'
  railties (4.0.4) lib/rails/rack/logger.rb:38:in `call_app'
  railties (4.0.4) lib/rails/rack/logger.rb:20:in `block in call'
  activesupport (4.0.4) lib/active_support/tagged_logging.rb:68:in `block in tagged'
  activesupport (4.0.4) lib/active_support/tagged_logging.rb:26:in `tagged'
  activesupport (4.0.4) lib/active_support/tagged_logging.rb:68:in `tagged'
  railties (4.0.4) lib/rails/rack/logger.rb:20:in `call'
  actionpack (4.0.4) lib/action_dispatch/middleware/request_id.rb:21:in `call'
  rack (1.5.2) lib/rack/methodoverride.rb:21:in `call'
  rack (1.5.2) lib/rack/runtime.rb:17:in `call'
  activesupport (4.0.4) lib/active_support/cache/strategy/local_cache.rb:83:in `call'
  rack (1.5.2) lib/rack/lock.rb:17:in `call'
  actionpack (4.0.4) lib/action_dispatch/middleware/static.rb:64:in `call'
  rack (1.5.2) lib/rack/sendfile.rb:112:in `call'
  railties (4.0.4) lib/rails/engine.rb:511:in `call'
  railties (4.0.4) lib/rails/application.rb:97:in `call'
  rack (1.5.2) lib/rack/lock.rb:17:in `call'
  rack (1.5.2) lib/rack/content_length.rb:14:in `call'
  rack (1.5.2) lib/rack/handler/webrick.rb:60:in `service'
  /opt/rh/ruby193/root/usr/share/ruby/webrick/httpserver.rb:138:in `service'
  /opt/rh/ruby193/root/usr/share/ruby/webrick/httpserver.rb:94:in `run'
  /opt/rh/ruby193/root/usr/share/ruby/webrick/server.rb:191:in `block in start_thread'


