# Logfile created on 2014-03-21 11:37:03 -0400 by logger.rb/31641
I, [2014-03-21T11:37:03.496652 #47773]  INFO -- : 0:  rake (10.1.0) from /var/lib/stickshift/5327b6675004466555000143/app-root/data/lib/ruby/gems/specifications/rake-10.1.0.gemspec
I, [2014-03-21T11:37:03.497598 #47773]  INFO -- : 0:  i18n (0.6.1) from /var/lib/stickshift/5327b6675004466555000143/app-root/data/lib/ruby/gems/specifications/i18n-0.6.1.gemspec
I, [2014-03-21T11:37:03.498164 #47773]  INFO -- : 0:  multi_json (1.7.7) from /var/lib/stickshift/5327b6675004466555000143/app-root/data/lib/ruby/gems/specifications/multi_json-1.7.7.gemspec
I, [2014-03-21T11:37:03.498676 #47773]  INFO -- : 0:  activesupport (3.2.13) from /var/lib/stickshift/5327b6675004466555000143/app-root/data/lib/ruby/gems/specifications/activesupport-3.2.13.gemspec
I, [2014-03-21T11:37:03.499200 #47773]  INFO -- : 0:  builder (3.0.4) from /var/lib/stickshift/5327b6675004466555000143/app-root/data/lib/ruby/gems/specifications/builder-3.0.4.gemspec
I, [2014-03-21T11:37:03.499665 #47773]  INFO -- : 0:  activemodel (3.2.13) from /var/lib/stickshift/5327b6675004466555000143/app-root/data/lib/ruby/gems/specifications/activemodel-3.2.13.gemspec
I, [2014-03-21T11:37:03.500187 #47773]  INFO -- : 0:  erubis (2.7.0) from /usr/libexec/openshift/cartridges/c9-0.1/root/lib/ruby/gems/specifications/erubis-2.7.0.gemspec
I, [2014-03-21T11:37:04.455176 #47773]  INFO -- : 0:  journey (1.0.4) from /var/lib/stickshift/5327b6675004466555000143/app-root/data/lib/ruby/gems/specifications/journey-1.0.4.gemspec
I, [2014-03-21T11:37:04.456011 #47773]  INFO -- : 0:  rack (1.4.5) from /var/lib/stickshift/5327b6675004466555000143/app-root/data/lib/ruby/gems/specifications/rack-1.4.5.gemspec
I, [2014-03-21T11:37:05.635578 #47773]  INFO -- : 0:  rack-cache (1.2) from /var/lib/stickshift/5327b6675004466555000143/app-root/data/lib/ruby/gems/specifications/rack-cache-1.2.gemspec
I, [2014-03-21T11:37:05.636514 #47773]  INFO -- : 0:  rack-test (0.6.2) from /var/lib/stickshift/5327b6675004466555000143/app-root/data/lib/ruby/gems/specifications/rack-test-0.6.2.gemspec
I, [2014-03-21T11:37:05.637000 #47773]  INFO -- : 0:  hike (1.2.3) from /var/lib/stickshift/5327b6675004466555000143/app-root/data/lib/ruby/gems/specifications/hike-1.2.3.gemspec
I, [2014-03-21T11:37:05.637551 #47773]  INFO -- : 0:  tilt (1.4.1) from /var/lib/stickshift/5327b6675004466555000143/app-root/data/lib/ruby/gems/specifications/tilt-1.4.1.gemspec
I, [2014-03-21T11:37:05.638016 #47773]  INFO -- : 0:  sprockets (2.2.2) from /var/lib/stickshift/5327b6675004466555000143/app-root/data/lib/ruby/gems/specifications/sprockets-2.2.2.gemspec
I, [2014-03-21T11:37:05.638593 #47773]  INFO -- : 0:  actionpack (3.2.13) from /var/lib/stickshift/5327b6675004466555000143/app-root/data/lib/ruby/gems/specifications/actionpack-3.2.13.gemspec
I, [2014-03-21T11:37:05.639200 #47773]  INFO -- : 0:  mime-types (1.23) from /var/lib/stickshift/5327b6675004466555000143/app-root/data/lib/ruby/gems/specifications/mime-types-1.23.gemspec
I, [2014-03-21T11:37:05.639685 #47773]  INFO -- : 0:  polyglot (0.3.3) from /usr/libexec/openshift/cartridges/c9-0.1/root/lib/ruby/gems/specifications/polyglot-0.3.3.gemspec
I, [2014-03-21T11:37:05.640232 #47773]  INFO -- : 0:  treetop (1.4.14) from /var/lib/stickshift/5327b6675004466555000143/app-root/data/lib/ruby/gems/specifications/treetop-1.4.14.gemspec
I, [2014-03-21T11:37:05.640691 #47773]  INFO -- : 0:  mail (2.5.4) from /var/lib/stickshift/5327b6675004466555000143/app-root/data/lib/ruby/gems/specifications/mail-2.5.4.gemspec
I, [2014-03-21T11:37:05.641237 #47773]  INFO -- : 0:  actionmailer (3.2.13) from /var/lib/stickshift/5327b6675004466555000143/app-root/data/lib/ruby/gems/specifications/actionmailer-3.2.13.gemspec
I, [2014-03-21T11:37:07.148146 #47773]  INFO -- : 0:  arel (3.0.2) from /var/lib/stickshift/5327b6675004466555000143/app-root/data/lib/ruby/gems/specifications/arel-3.0.2.gemspec
I, [2014-03-21T11:37:07.149663 #47773]  INFO -- : 0:  tzinfo (0.3.37) from /var/lib/stickshift/5327b6675004466555000143/app-root/data/lib/ruby/gems/specifications/tzinfo-0.3.37.gemspec
I, [2014-03-21T11:37:07.150276 #47773]  INFO -- : 0:  activerecord (3.2.13) from /var/lib/stickshift/5327b6675004466555000143/app-root/data/lib/ruby/gems/specifications/activerecord-3.2.13.gemspec
I, [2014-03-21T11:37:07.150816 #47773]  INFO -- : 0:  activeresource (3.2.13) from /var/lib/stickshift/5327b6675004466555000143/app-root/data/lib/ruby/gems/specifications/activeresource-3.2.13.gemspec
I, [2014-03-21T11:37:07.151314 #47773]  INFO -- : 0:  bcrypt-ruby (3.1.1) from /var/lib/stickshift/5327b6675004466555000143/app-root/data/lib/ruby/gems/specifications/bcrypt-ruby-3.1.1.gemspec
I, [2014-03-21T11:37:19.739881 #47773]  INFO -- : 0:  bigdecimal (1.1.0) from /var/lib/stickshift/5327b6675004466555000143/app-root/data/lib/ruby/gems/specifications/bigdecimal-1.1.0.gemspec
I, [2014-03-21T11:37:19.825913 #47773]  INFO -- : 0:  coffee-script-source (1.6.3) from /var/lib/stickshift/5327b6675004466555000143/app-root/data/lib/ruby/gems/specifications/coffee-script-source-1.6.3.gemspec
I, [2014-03-21T11:37:21.330143 #47773]  INFO -- : 0:  execjs (1.4.0) from /var/lib/stickshift/5327b6675004466555000143/app-root/data/lib/ruby/gems/specifications/execjs-1.4.0.gemspec
I, [2014-03-21T11:37:21.331625 #47773]  INFO -- : 0:  coffee-script (2.2.0) from /usr/libexec/openshift/cartridges/c9-0.1/root/lib/ruby/gems/specifications/coffee-script-2.2.0.gemspec
I, [2014-03-21T11:37:21.332277 #47773]  INFO -- : 0:  rack-ssl (1.3.3) from /var/lib/stickshift/5327b6675004466555000143/app-root/data/lib/ruby/gems/specifications/rack-ssl-1.3.3.gemspec
I, [2014-03-21T11:37:21.332868 #47773]  INFO -- : 0:  json (1.8.0) from /var/lib/stickshift/5327b6675004466555000143/app-root/data/lib/ruby/gems/specifications/json-1.8.0.gemspec
I, [2014-03-21T11:37:21.333416 #47773]  INFO -- : 0:  rdoc (3.12.2) from /var/lib/stickshift/5327b6675004466555000143/app-root/data/lib/ruby/gems/specifications/rdoc-3.12.2.gemspec
I, [2014-03-21T11:37:21.334036 #47773]  INFO -- : 0:  thor (0.18.1) from /var/lib/stickshift/5327b6675004466555000143/app-root/data/lib/ruby/gems/specifications/thor-0.18.1.gemspec
I, [2014-03-21T11:37:21.334538 #47773]  INFO -- : 0:  railties (3.2.13) from /var/lib/stickshift/5327b6675004466555000143/app-root/data/lib/ruby/gems/specifications/railties-3.2.13.gemspec
I, [2014-03-21T11:37:22.247863 #47773]  INFO -- : 0:  coffee-rails (3.2.2) from /var/lib/stickshift/5327b6675004466555000143/app-root/data/lib/ruby/gems/specifications/coffee-rails-3.2.2.gemspec
I, [2014-03-21T11:37:22.248628 #47773]  INFO -- : 0:  orm_adapter (0.4.0) from /var/lib/stickshift/5327b6675004466555000143/app-root/data/lib/ruby/gems/specifications/orm_adapter-0.4.0.gemspec
I, [2014-03-21T11:37:22.249200 #47773]  INFO -- : 0:  warden (1.2.3) from /var/lib/stickshift/5327b6675004466555000143/app-root/data/lib/ruby/gems/specifications/warden-1.2.3.gemspec
I, [2014-03-21T11:37:22.249719 #47773]  INFO -- : 0:  devise (3.0.0) from /var/lib/stickshift/5327b6675004466555000143/app-root/data/lib/ruby/gems/specifications/devise-3.0.0.gemspec
I, [2014-03-21T11:37:22.250499 #47773]  INFO -- : 0:  jquery-rails (3.0.4) from /var/lib/stickshift/5327b6675004466555000143/app-root/data/lib/ruby/gems/specifications/jquery-rails-3.0.4.gemspec
I, [2014-03-21T11:37:22.325124 #47773]  INFO -- : 0:  pg (0.16.0) from /var/lib/stickshift/5327b6675004466555000143/app-root/data/lib/ruby/gems/specifications/pg-0.16.0.gemspec
I, [2014-03-21T11:37:22.325781 #47773]  INFO -- : 0:  bundler (1.5.1) from /usr/libexec/openshift/cartridges/c9-0.1/root/lib/ruby/gems/specifications/bundler-1.5.1.gemspec
I, [2014-03-21T11:37:22.326342 #47773]  INFO -- : 0:  rails (3.2.13) from /var/lib/stickshift/5327b6675004466555000143/app-root/data/lib/ruby/gems/specifications/rails-3.2.13.gemspec
I, [2014-03-21T11:37:22.327108 #47773]  INFO -- : 0:  sass (3.2.9) from /var/lib/stickshift/5327b6675004466555000143/app-root/data/lib/ruby/gems/specifications/sass-3.2.9.gemspec
I, [2014-03-21T11:37:22.327594 #47773]  INFO -- : 0:  sass-rails (3.2.6) from /var/lib/stickshift/5327b6675004466555000143/app-root/data/lib/ruby/gems/specifications/sass-rails-3.2.6.gemspec
I, [2014-03-21T11:37:22.328094 #47773]  INFO -- : 0:  simple_form (2.1.0) from /var/lib/stickshift/5327b6675004466555000143/app-root/data/lib/ruby/gems/specifications/simple_form-2.1.0.gemspec
I, [2014-03-21T11:37:22.328554 #47773]  INFO -- : 0:  sqlite3 (1.3.7) from /var/lib/stickshift/5327b6675004466555000143/app-root/data/lib/ruby/gems/specifications/sqlite3-1.3.7.gemspec
I, [2014-03-21T11:37:22.329018 #47773]  INFO -- : 0:  twitter-bootstrap-rails (2.2.7) from /var/lib/stickshift/5327b6675004466555000143/app-root/data/lib/ruby/gems/specifications/twitter-bootstrap-rails-2.2.7.gemspec
I, [2014-03-21T11:37:22.329521 #47773]  INFO -- : 0:  uglifier (2.1.2) from /var/lib/stickshift/5327b6675004466555000143/app-root/data/lib/ruby/gems/specifications/uglifier-2.1.2.gemspec
I, [2014-03-21T12:59:37.146236 #143824]  INFO -- : 0:  rake (10.1.1) from /usr/libexec/openshift/cartridges/c9-0.1/root/lib/ruby/gems/specifications/rake-10.1.1.gemspec
I, [2014-03-21T12:59:37.146923 #143824]  INFO -- : 0:  i18n (0.6.1) from /var/lib/stickshift/5327b6675004466555000143/app-root/data/lib/ruby/gems/specifications/i18n-0.6.1.gemspec
I, [2014-03-21T12:59:38.946756 #143824]  INFO -- : 0:  multi_json (1.9.2) from /var/lib/stickshift/5327b6675004466555000143/app-root/data/lib/ruby/gems/specifications/multi_json-1.9.2.gemspec
I, [2014-03-21T12:59:38.947678 #143824]  INFO -- : 0:  activesupport (3.2.13) from /var/lib/stickshift/5327b6675004466555000143/app-root/data/lib/ruby/gems/specifications/activesupport-3.2.13.gemspec
I, [2014-03-21T12:59:38.948240 #143824]  INFO -- : 0:  builder (3.0.4) from /var/lib/stickshift/5327b6675004466555000143/app-root/data/lib/ruby/gems/specifications/builder-3.0.4.gemspec
I, [2014-03-21T12:59:38.948682 #143824]  INFO -- : 0:  activemodel (3.2.13) from /var/lib/stickshift/5327b6675004466555000143/app-root/data/lib/ruby/gems/specifications/activemodel-3.2.13.gemspec
I, [2014-03-21T12:59:38.949242 #143824]  INFO -- : 0:  erubis (2.7.0) from /usr/libexec/openshift/cartridges/c9-0.1/root/lib/ruby/gems/specifications/erubis-2.7.0.gemspec
I, [2014-03-21T12:59:38.949698 #143824]  INFO -- : 0:  journey (1.0.4) from /var/lib/stickshift/5327b6675004466555000143/app-root/data/lib/ruby/gems/specifications/journey-1.0.4.gemspec
I, [2014-03-21T12:59:38.950226 #143824]  INFO -- : 0:  rack (1.4.5) from /var/lib/stickshift/5327b6675004466555000143/app-root/data/lib/ruby/gems/specifications/rack-1.4.5.gemspec
I, [2014-03-21T12:59:38.950677 #143824]  INFO -- : 0:  rack-cache (1.2) from /var/lib/stickshift/5327b6675004466555000143/app-root/data/lib/ruby/gems/specifications/rack-cache-1.2.gemspec
I, [2014-03-21T12:59:38.951238 #143824]  INFO -- : 0:  rack-test (0.6.2) from /var/lib/stickshift/5327b6675004466555000143/app-root/data/lib/ruby/gems/specifications/rack-test-0.6.2.gemspec
I, [2014-03-21T12:59:38.951685 #143824]  INFO -- : 0:  hike (1.2.3) from /var/lib/stickshift/5327b6675004466555000143/app-root/data/lib/ruby/gems/specifications/hike-1.2.3.gemspec
I, [2014-03-21T12:59:38.952219 #143824]  INFO -- : 0:  tilt (1.4.1) from /var/lib/stickshift/5327b6675004466555000143/app-root/data/lib/ruby/gems/specifications/tilt-1.4.1.gemspec
I, [2014-03-21T12:59:38.952668 #143824]  INFO -- : 0:  sprockets (2.2.2) from /var/lib/stickshift/5327b6675004466555000143/app-root/data/lib/ruby/gems/specifications/sprockets-2.2.2.gemspec
I, [2014-03-21T12:59:38.953211 #143824]  INFO -- : 0:  actionpack (3.2.13) from /var/lib/stickshift/5327b6675004466555000143/app-root/data/lib/ruby/gems/specifications/actionpack-3.2.13.gemspec
I, [2014-03-21T12:59:38.953666 #143824]  INFO -- : 0:  mime-types (1.25.1) from /usr/libexec/openshift/cartridges/c9-0.1/root/lib/ruby/gems/specifications/mime-types-1.25.1.gemspec
I, [2014-03-21T12:59:40.143189 #143824]  INFO -- : 0:  polyglot (0.3.4) from /var/lib/stickshift/5327b6675004466555000143/app-root/data/lib/ruby/gems/specifications/polyglot-0.3.4.gemspec
I, [2014-03-21T12:59:40.145059 #143824]  INFO -- : 0:  treetop (1.4.15) from /usr/libexec/openshift/cartridges/c9-0.1/root/lib/ruby/gems/specifications/treetop-1.4.15.gemspec
I, [2014-03-21T12:59:40.145546 #143824]  INFO -- : 0:  mail (2.5.4) from /var/lib/stickshift/5327b6675004466555000143/app-root/data/lib/ruby/gems/specifications/mail-2.5.4.gemspec
I, [2014-03-21T12:59:40.146141 #143824]  INFO -- : 0:  actionmailer (3.2.13) from /var/lib/stickshift/5327b6675004466555000143/app-root/data/lib/ruby/gems/specifications/actionmailer-3.2.13.gemspec
I, [2014-03-21T12:59:42.358242 #143824]  INFO -- : 0:  arel (3.0.3) from /var/lib/stickshift/5327b6675004466555000143/app-root/data/lib/ruby/gems/specifications/arel-3.0.3.gemspec
I, [2014-03-21T12:59:48.746528 #143824]  INFO -- : 0:  tzinfo (0.3.39) from /var/lib/stickshift/5327b6675004466555000143/app-root/data/lib/ruby/gems/specifications/tzinfo-0.3.39.gemspec
I, [2014-03-21T12:59:48.747494 #143824]  INFO -- : 0:  activerecord (3.2.13) from /var/lib/stickshift/5327b6675004466555000143/app-root/data/lib/ruby/gems/specifications/activerecord-3.2.13.gemspec
I, [2014-03-21T12:59:48.747952 #143824]  INFO -- : 0:  activeresource (3.2.13) from /var/lib/stickshift/5327b6675004466555000143/app-root/data/lib/ruby/gems/specifications/activeresource-3.2.13.gemspec
I, [2014-03-21T12:59:53.041600 #143824]  INFO -- : 0:  atomic (1.1.16) from /var/lib/stickshift/5327b6675004466555000143/app-root/data/lib/ruby/gems/specifications/atomic-1.1.16.gemspec
I, [2014-03-21T13:00:00.742432 #143824]  INFO -- : 0:  bcrypt (3.1.7) from /var/lib/stickshift/5327b6675004466555000143/app-root/data/lib/ruby/gems/specifications/bcrypt-3.1.7.gemspec
I, [2014-03-21T13:00:00.743529 #143824]  INFO -- : 0:  bundler (1.5.1) from /usr/libexec/openshift/cartridges/c9-0.1/root/lib/ruby/gems/specifications/bundler-1.5.1.gemspec
I, [2014-03-21T13:00:02.033538 #143824]  INFO -- : 0:  coffee-script-source (1.7.0) from /var/lib/stickshift/5327b6675004466555000143/app-root/data/lib/ruby/gems/specifications/coffee-script-source-1.7.0.gemspec
I, [2014-03-21T13:00:02.036603 #143824]  INFO -- : 0:  execjs (2.0.2) from /usr/libexec/openshift/cartridges/c9-0.1/root/lib/ruby/gems/specifications/execjs-2.0.2.gemspec
I, [2014-03-21T13:00:02.037263 #143824]  INFO -- : 0:  coffee-script (2.2.0) from /usr/libexec/openshift/cartridges/c9-0.1/root/lib/ruby/gems/specifications/coffee-script-2.2.0.gemspec
I, [2014-03-21T13:00:02.037733 #143824]  INFO -- : 0:  rack-ssl (1.3.3) from /var/lib/stickshift/5327b6675004466555000143/app-root/data/lib/ruby/gems/specifications/rack-ssl-1.3.3.gemspec
I, [2014-03-21T13:00:02.038287 #143824]  INFO -- : 0:  json (1.8.1) from /usr/libexec/openshift/cartridges/c9-0.1/root/lib/ruby/gems/specifications/json-1.8.1.gemspec
I, [2014-03-21T13:00:02.038773 #143824]  INFO -- : 0:  rdoc (3.12.2) from /var/lib/stickshift/5327b6675004466555000143/app-root/data/lib/ruby/gems/specifications/rdoc-3.12.2.gemspec
I, [2014-03-21T13:00:02.043391 #143824]  INFO -- : 0:  thor (0.18.1) from /var/lib/stickshift/5327b6675004466555000143/app-root/data/lib/ruby/gems/specifications/thor-0.18.1.gemspec
I, [2014-03-21T13:00:02.043870 #143824]  INFO -- : 0:  railties (3.2.13) from /var/lib/stickshift/5327b6675004466555000143/app-root/data/lib/ruby/gems/specifications/railties-3.2.13.gemspec
I, [2014-03-21T13:00:02.044419 #143824]  INFO -- : 0:  coffee-rails (3.2.2) from /var/lib/stickshift/5327b6675004466555000143/app-root/data/lib/ruby/gems/specifications/coffee-rails-3.2.2.gemspec
I, [2014-03-21T13:00:03.880225 #143824]  INFO -- : 0:  orm_adapter (0.5.0) from /var/lib/stickshift/5327b6675004466555000143/app-root/data/lib/ruby/gems/specifications/orm_adapter-0.5.0.gemspec
I, [2014-03-21T13:00:07.693513 #143824]  INFO -- : 0:  thread_safe (0.3.1) from /var/lib/stickshift/5327b6675004466555000143/app-root/data/lib/ruby/gems/specifications/thread_safe-0.3.1.gemspec
I, [2014-03-21T13:00:07.698646 #143824]  INFO -- : 0:  warden (1.2.3) from /var/lib/stickshift/5327b6675004466555000143/app-root/data/lib/ruby/gems/specifications/warden-1.2.3.gemspec
I, [2014-03-21T13:00:13.130179 #143824]  INFO -- : 0:  devise (3.2.4) from /var/lib/stickshift/5327b6675004466555000143/app-root/data/lib/ruby/gems/specifications/devise-3.2.4.gemspec
I, [2014-03-21T13:00:19.008664 #143824]  INFO -- : 0:  jquery-rails (3.1.0) from /var/lib/stickshift/5327b6675004466555000143/app-root/data/lib/ruby/gems/specifications/jquery-rails-3.1.0.gemspec
I, [2014-03-21T13:01:02.735985 #143824]  INFO -- : 0:  pg (0.17.1) from /var/lib/stickshift/5327b6675004466555000143/app-root/data/lib/ruby/gems/specifications/pg-0.17.1.gemspec
I, [2014-03-21T13:01:02.738060 #143824]  INFO -- : 0:  rails (3.2.13) from /var/lib/stickshift/5327b6675004466555000143/app-root/data/lib/ruby/gems/specifications/rails-3.2.13.gemspec
I, [2014-03-21T13:01:07.562900 #143824]  INFO -- : 0:  sass (3.3.3) from /var/lib/stickshift/5327b6675004466555000143/app-root/data/lib/ruby/gems/specifications/sass-3.3.3.gemspec
I, [2014-03-21T13:01:07.563797 #143824]  INFO -- : 0:  sass-rails (3.2.6) from /var/lib/stickshift/5327b6675004466555000143/app-root/data/lib/ruby/gems/specifications/sass-rails-3.2.6.gemspec
I, [2014-03-21T13:01:10.036251 #143824]  INFO -- : 0:  simple_form (2.1.1) from /var/lib/stickshift/5327b6675004466555000143/app-root/data/lib/ruby/gems/specifications/simple_form-2.1.1.gemspec
I, [2014-03-21T13:01:26.238079 #143824]  INFO -- : 0:  sqlite3 (1.3.9) from /var/lib/stickshift/5327b6675004466555000143/app-root/data/lib/ruby/gems/specifications/sqlite3-1.3.9.gemspec
I, [2014-03-21T13:01:29.657410 #143824]  INFO -- : 0:  twitter-bootstrap-rails (2.2.8) from /var/lib/stickshift/5327b6675004466555000143/app-root/data/lib/ruby/gems/specifications/twitter-bootstrap-rails-2.2.8.gemspec
I, [2014-03-21T13:01:31.649132 #143824]  INFO -- : 0:  uglifier (2.5.0) from /var/lib/stickshift/5327b6675004466555000143/app-root/data/lib/ruby/gems/specifications/uglifier-2.5.0.gemspec
